{"level":"info","message":"MongoDB connected successfully","timestamp":"2025-01-07T05:39:48.705Z"}
{"level":"info","message":"MongoDB connected successfully","timestamp":"2025-01-07T05:39:52.239Z"}
{"level":"info","message":"MongoDB connected successfully","timestamp":"2025-01-07T05:39:56.271Z"}
{"level":"info","message":"MongoDB connected successfully","timestamp":"2025-01-07T05:40:36.375Z"}
{"level":"info","message":"MongoDB connected successfully","timestamp":"2025-01-07T05:41:05.429Z"}
{"level":"info","message":"MongoDB connected successfully","timestamp":"2025-01-07T05:47:20.913Z"}
{"level":"info","message":"MongoDB connected successfully","timestamp":"2025-01-07T05:47:23.661Z"}
{"level":"info","message":"MongoDB connected successfully","timestamp":"2025-01-07T05:47:29.064Z"}
{"level":"info","message":"MongoDB connected successfully","timestamp":"2025-01-07T05:47:55.278Z"}
{"level":"info","message":"MongoDB connected successfully","timestamp":"2025-01-07T05:48:14.931Z"}
{"level":"info","message":"MongoDB connected successfully","timestamp":"2025-01-07T05:48:18.065Z"}
{"level":"info","message":"MongoDB connected successfully","timestamp":"2025-01-07T05:48:25.323Z"}
{"level":"info","message":"MongoDB connected successfully","timestamp":"2025-01-07T05:48:33.682Z"}
{"level":"info","message":"MongoDB connected successfully","timestamp":"2025-01-07T05:48:47.913Z"}
{"level":"info","message":"MongoDB connected successfully","timestamp":"2025-01-07T05:48:53.104Z"}
{"level":"info","message":"MongoDB connected successfully","timestamp":"2025-01-07T05:48:58.848Z"}
{"level":"info","message":"MongoDB connected successfully","timestamp":"2025-01-07T05:49:07.058Z"}
{"level":"info","message":"MongoDB connected successfully","timestamp":"2025-01-07T05:49:21.579Z"}
{"level":"info","message":"MongoDB connected successfully","timestamp":"2025-01-07T05:49:23.913Z"}
{"level":"info","message":"MongoDB connected successfully","timestamp":"2025-01-07T05:49:26.393Z"}
{"level":"info","message":"MongoDB connected successfully","timestamp":"2025-01-07T05:49:48.127Z"}
{"level":"info","message":"MongoDB connected successfully","timestamp":"2025-01-07T05:49:55.313Z"}
{"level":"info","message":"MongoDB connected successfully","timestamp":"2025-01-07T05:50:05.941Z"}
{"level":"info","message":"MongoDB connected successfully","timestamp":"2025-01-07T05:56:22.846Z"}
{"level":"info","message":"MongoDB connected successfully","timestamp":"2025-01-07T05:56:30.565Z"}
{"level":"info","message":"MongoDB connected successfully","timestamp":"2025-01-07T05:56:59.667Z"}
{"level":"info","message":"MongoDB connected successfully","timestamp":"2025-01-07T05:57:04.085Z"}
{"level":"info","message":"MongoDB connected successfully","timestamp":"2025-01-07T05:57:59.418Z"}
{"level":"error","message":"All fields are required","timestamp":"2025-01-07T06:00:46.719Z"}
{"_message":"User validation failed","errors":{"phone_number":{"kind":"user defined","message":"Phone number must be at least 10 digits","name":"ValidatorError","path":"phone_number","properties":{"message":"Phone number must be at least 10 digits","path":"phone_number","type":"user defined","value":79456123},"value":79456123}},"level":"error","message":"User validation failed: phone_number: Phone number must be at least 10 digits","name":"ValidationError","timestamp":"2025-01-07T06:01:20.207Z"}
{"level":"info","message":"MongoDB connected successfully","timestamp":"2025-01-07T06:02:20.382Z"}
{"level":"error","message":{"email":"Email is already in use!"},"timestamp":"2025-01-07T06:04:50.602Z"}
{"level":"info","message":"MongoDB connected successfully","timestamp":"2025-01-07T06:05:08.882Z"}
{"level":"error","message":{"email":"Email is already in use!"},"timestamp":"2025-01-07T06:05:09.451Z"}
{"level":"error","timestamp":"2025-01-07T06:05:09.926Z"}
{"level":"info","message":"MongoDB connected successfully","timestamp":"2025-01-07T06:05:18.219Z"}
{"level":"info","message":"MongoDB connected successfully","timestamp":"2025-01-07T06:05:28.906Z"}
{"level":"info","message":"MongoDB connected successfully","timestamp":"2025-01-07T06:05:35.489Z"}
{"level":"info","message":"MongoDB connected successfully","timestamp":"2025-01-07T06:05:37.987Z"}
{"errors":{"email":"Email is already in use!"},"level":"error","message":"Email or phone number already exists","status":false,"timestamp":"2025-01-07T06:08:38.518Z"}
{"level":"error","timestamp":"2025-01-07T06:08:52.941Z"}
{"errors":{"email":"Email is already in use!"},"level":"error","message":"Email or phone number already exists","status":false,"timestamp":"2025-01-07T06:09:05.823Z"}
{"level":"info","message":"MongoDB connected successfully","timestamp":"2025-01-07T06:09:32.386Z"}
{"level":"error","timestamp":"2025-01-07T06:09:48.665Z"}
{"errors":{"email":"Email is already in use!"},"level":"error","message":"Email or phone number already exists","status":false,"timestamp":"2025-01-07T06:10:05.799Z"}
{"level":"error","timestamp":"2025-01-07T06:10:18.419Z"}
{"level":"info","message":"MongoDB connected successfully","timestamp":"2025-01-07T06:10:47.415Z"}
{"level":"info","message":"MongoDB connected successfully","timestamp":"2025-01-07T06:10:49.749Z"}
{"level":"info","message":"MongoDB connected successfully","timestamp":"2025-01-07T06:10:54.803Z"}
{"level":"error","message":{"email":"Email is already in use!"},"timestamp":"2025-01-07T06:10:55.065Z"}
{"level":"info","message":"MongoDB connected successfully","timestamp":"2025-01-07T06:13:06.662Z"}
{"level":"info","message":"MongoDB connected successfully","timestamp":"2025-01-07T06:13:41.622Z"}
{"level":"info","message":"MongoDB connected successfully","timestamp":"2025-01-07T06:18:33.298Z"}
{"level":"info","message":"MongoDB connected successfully","timestamp":"2025-01-07T06:18:38.189Z"}
{"level":"info","message":"MongoDB connected successfully","timestamp":"2025-01-07T06:18:44.604Z"}
{"level":"info","message":"MongoDB connected successfully","timestamp":"2025-01-07T06:20:06.250Z"}
{"level":"info","message":"MongoDB connected successfully","timestamp":"2025-01-07T06:20:11.560Z"}
{"level":"info","message":"MongoDB connected successfully","timestamp":"2025-01-07T06:20:16.204Z"}
{"level":"info","message":"MongoDB connected successfully","timestamp":"2025-01-07T06:20:33.212Z"}
{"level":"info","message":"MongoDB connected successfully","timestamp":"2025-01-07T06:20:41.670Z"}
{"level":"info","message":"MongoDB connected successfully","timestamp":"2025-01-07T06:20:44.173Z"}
{"level":"info","message":"MongoDB connected successfully","timestamp":"2025-01-07T06:20:49.102Z"}
{"level":"info","message":"MongoDB connected successfully","timestamp":"2025-01-07T06:20:54.483Z"}
{"level":"info","message":"MongoDB connected successfully","timestamp":"2025-01-07T06:20:57.090Z"}
{"level":"info","message":"MongoDB connected successfully","timestamp":"2025-01-07T06:21:03.071Z"}
{"level":"info","message":"MongoDB connected successfully","timestamp":"2025-01-07T06:21:05.625Z"}
{"level":"info","message":"MongoDB connected successfully","timestamp":"2025-01-07T06:21:10.107Z"}
{"level":"info","message":"MongoDB connected successfully","timestamp":"2025-01-07T06:21:15.261Z"}
{"level":"info","message":"MongoDB connected successfully","timestamp":"2025-01-07T06:21:22.953Z"}
